#
# Automatically generated, don't edit
#
# Generated on: tyson-Lenovo-G505
# At: Sat, 19 Mar 2016 22:22:02 +0000
# Linux version 3.13.0-79-generic (buildd@lcy01-24) (gcc version 4.8.2 (Ubuntu 4.8.2-19ubuntu1) ) #123-Ubuntu SMP Fri Feb 19 14:27:58 UTC 2016

#
# Pistachio Kernel Configuration System
#

#
# Hardware
#

#
# Basic Architecture
#
CONFIG_ARCH_X86=y
CONFIG_ARCH_POWERPC=n
CONFIG_ARCH_POWERPC64=n


#
# X86 Processor Architecture
#
CONFIG_SUBARCH_X32=n
CONFIG_SUBARCH_X64=y


#
# Processor Type
#
CONFIG_CPU_X86_I486=n
CONFIG_CPU_X86_I586=n
CONFIG_CPU_X86_I686=y
CONFIG_CPU_X86_P4=n
CONFIG_CPU_X86_K8=n
CONFIG_CPU_X86_C3=n
CONFIG_CPU_X86_SIMICS=n


#
# Platform
#
CONFIG_PLAT_PC99=y
CONFIG_PLAT_EFI=n


#
# Processor Type
#
CONFIG_CPU_POWERPC_PPC440=n
CONFIG_CPU_POWERPC_IBM750=n
CONFIG_CPU_POWERPC_PPC604=n


#
# Platform
#
CONFIG_PLAT_OFPPC=n
CONFIG_PLAT_PPC44X=n


#
# Sub-Platform
#
CONFIG_SUBPLAT_440_BGP=n
CONFIG_SUBPLAT_440_EBONY=n


#
# Miscellaneous
#
CONFIG_IOAPIC=y
CONFIG_MAX_IOAPICS=2
CONFIG_APIC_TIMER_TICK=1000
CONFIG_PPC_EXPOSE_OPIC=n

CONFIG_SMP=n
CONFIG_SMP_MAX_PROCS=4
CONFIG_SMP_IDLE_POLL=n


#
# Kernel
#
CONFIG_EXPERIMENTAL=n

#
# Experimental Features
#
CONFIG_X_PAGER_EXREGS=n
CONFIG_X_CTRLXFER_MSG=n
CONFIG_X_EVT_LOGGING=n

#
# Kernel scheduling policy
#
CONFIG_SCHED_RR=n
CONFIG_X_SCHED_HS=n


CONFIG_IPC_FASTPATH=n
CONFIG_DEBUG=n
CONFIG_DEBUG_SYMBOLS=n
CONFIG_PERFMON=n
CONFIG_SPIN_WHEELS=y
CONFIG_NEW_MDB=n
CONFIG_STATIC_TCBS=n
CONFIG_PPC_BAT_SYSCALLS=y
CONFIG_X86_SMALL_SPACES=n
CONFIG_X86_COMPATIBILITY_MODE=y
CONFIG_X86_IO_FLEXPAGES=n


#
# Debugger
#

#
# Kernel Debugger Console
#
CONFIG_KDB_CONS_COM=n
CONFIG_KDB_COMPORT=0x0
CONFIG_KDB_COMSPEED=115200
CONFIG_KDB_CONS_KBD=n
CONFIG_KDB_CONS_OF1275=n
CONFIG_KDB_CONS_PSIM_COM=n
CONFIG_KDB_BOOT_CONS=0

CONFIG_KDB_DISAS=n
CONFIG_KDB_ON_STARTUP=n
CONFIG_KDB_BREAKIN=n
CONFIG_KDB_BREAKIN_BREAK=n
CONFIG_KDB_BREAKIN_ESCAPE=n
CONFIG_KDB_INPUT_HLT=n
CONFIG_KDB_NO_ASSERTS=n

#
# Trace Settings
#
CONFIG_VERBOSE_INIT=n
CONFIG_TRACEPOINTS=n
CONFIG_KMEM_TRACE=n
CONFIG_TRACEBUFFER=n
CONFIG_TBUF_PERFMON=n
CONFIG_X86_KEEP_LAST_BRANCHES=n



#
# Code Generator Options
#
CONFIG_SYSV_ABI=y
CONFIG_PPC_SEGMENT_LOOP=n
CONFIG_PPC_MULTIWORD_INSTR=y


#
# Derived symbols
#
CONFIG_HAVE_MEMORY_CONTROL=n
CONFIG_X86_PSE=y
CONFIG_BIGENDIAN=n
CONFIG_PPC_MMU_TLB=n
CONFIG_X86_SYSENTER=y
CONFIG_X86_PGE=y
CONFIG_X86_FXSR=y
CONFIG_IS_32BIT=n
CONFIG_X86_HTT=n
CONFIG_X86_PAT=y
CONFIG_PPC_BOOKE=n
CONFIG_IS_64BIT=y
CONFIG_MULTI_ARCHITECTURE=y
CONFIG_X86_EM64T=n
CONFIG_PPC_CACHE_L1_WRITETHROUGH=n
CONFIG_PPC_TLB_INV_LOCAL=n
CONFIG_PPC_CACHE_ICBI_LOCAL=n
CONFIG_X86_SMALL_SPACES_GLOBAL=n
CONFIG_X86_HVM=n
CONFIG_PPC_MMU_SEGMENTS=n
CONFIG_X86_TSC=y
#
# That's all, folks!
