This file contains any messages produced by compilers while
running configure, to aid debugging if configure makes a mistake.

It was created by Pistachio configure 0.4, which was
generated by GNU Autoconf 2.69.  Invocation command line was

  $ ./configure 

## --------- ##
## Platform. ##
## --------- ##

hostname = tyson-Lenovo-G505
uname -m = x86_64
uname -r = 3.13.0-79-generic
uname -s = Linux
uname -v = #123-Ubuntu SMP Fri Feb 19 14:27:58 UTC 2016

/usr/bin/uname -p = unknown
/bin/uname -X     = unknown

/bin/arch              = unknown
/usr/bin/arch -k       = unknown
/usr/convex/getsysinfo = unknown
/usr/bin/hostinfo      = unknown
/bin/machine           = unknown
/usr/bin/oslevel       = unknown
/bin/universe          = unknown

PATH: /usr/local/sbin
PATH: /usr/local/bin
PATH: /usr/sbin
PATH: /usr/bin
PATH: /sbin
PATH: /bin
PATH: /usr/games
PATH: /usr/local/games


## ----------- ##
## Core tests. ##
## ----------- ##

configure:1933: checking for gcc
configure:1949: found /usr/bin/gcc
configure:1960: result: gcc
configure:2189: checking for C compiler version
configure:2198: gcc --version >&5
gcc (Ubuntu 4.8.4-2ubuntu1~14.04.1) 4.8.4
Copyright (C) 2013 Free Software Foundation, Inc.
This is free software; see the source for copying conditions.  There is NO
warranty; not even for MERCHANTABILITY or FITNESS FOR A PARTICULAR PURPOSE.

configure:2209: $? = 0
configure:2198: gcc -v >&5
Using built-in specs.
COLLECT_GCC=gcc
COLLECT_LTO_WRAPPER=/usr/lib/gcc/x86_64-linux-gnu/4.8/lto-wrapper
Target: x86_64-linux-gnu
Configured with: ../src/configure -v --with-pkgversion='Ubuntu 4.8.4-2ubuntu1~14.04.1' --with-bugurl=file:///usr/share/doc/gcc-4.8/README.Bugs --enable-languages=c,c++,java,go,d,fortran,objc,obj-c++ --prefix=/usr --program-suffix=-4.8 --enable-shared --enable-linker-build-id --libexecdir=/usr/lib --without-included-gettext --enable-threads=posix --with-gxx-include-dir=/usr/include/c++/4.8 --libdir=/usr/lib --enable-nls --with-sysroot=/ --enable-clocale=gnu --enable-libstdcxx-debug --enable-libstdcxx-time=yes --enable-gnu-unique-object --disable-libmudflap --enable-plugin --with-system-zlib --disable-browser-plugin --enable-java-awt=gtk --enable-gtk-cairo --with-java-home=/usr/lib/jvm/java-1.5.0-gcj-4.8-amd64/jre --enable-java-home --with-jvm-root-dir=/usr/lib/jvm/java-1.5.0-gcj-4.8-amd64 --with-jvm-jar-dir=/usr/lib/jvm-exports/java-1.5.0-gcj-4.8-amd64 --with-arch-directory=amd64 --with-ecj-jar=/usr/share/java/eclipse-ecj.jar --enable-objc-gc --enable-multiarch --disable-werror --with-arch-32=i686 --with-abi=m64 --with-multilib-list=m32,m64,mx32 --with-tune=generic --enable-checking=release --build=x86_64-linux-gnu --host=x86_64-linux-gnu --target=x86_64-linux-gnu
Thread model: posix
gcc version 4.8.4 (Ubuntu 4.8.4-2ubuntu1~14.04.1) 
configure:2209: $? = 0
configure:2198: gcc -V >&5
gcc: error: unrecognized command line option '-V'
gcc: fatal error: no input files
compilation terminated.
configure:2209: $? = 4
configure:2198: gcc -qversion >&5
gcc: error: unrecognized command line option '-qversion'
gcc: fatal error: no input files
compilation terminated.
configure:2209: $? = 4
configure:2229: checking whether the C compiler works
configure:2251: gcc    conftest.c  >&5
configure:2255: $? = 0
configure:2303: result: yes
configure:2306: checking for C compiler default output file name
configure:2308: result: a.out
configure:2314: checking for suffix of executables
configure:2321: gcc -o conftest    conftest.c  >&5
configure:2325: $? = 0
configure:2347: result: 
configure:2369: checking whether we are cross compiling
configure:2377: gcc -o conftest    conftest.c  >&5
configure:2381: $? = 0
configure:2388: ./conftest
configure:2392: $? = 0
configure:2407: result: no
configure:2412: checking for suffix of object files
configure:2434: gcc -c   conftest.c >&5
configure:2438: $? = 0
configure:2459: result: o
configure:2463: checking whether we are using the GNU C compiler
configure:2482: gcc -c   conftest.c >&5
configure:2482: $? = 0
configure:2491: result: yes
configure:2500: checking whether gcc accepts -g
configure:2520: gcc -c -g  conftest.c >&5
configure:2520: $? = 0
configure:2561: result: yes
configure:2578: checking for gcc option to accept ISO C89
configure:2641: gcc  -c -g -O2  conftest.c >&5
configure:2641: $? = 0
configure:2654: result: none needed
configure:2717: checking for a BSD-compatible install
configure:2785: result: /usr/bin/install -c
configure:2796: checking whether make sets $(MAKE)
configure:2818: result: yes
configure:2827: checking whether ln -s works
configure:2831: result: yes
configure:2842: checking for gawk
configure:2858: found /usr/bin/gawk
configure:2869: result: gawk
configure:2953: checking location of libgcc.a
configure:2957: result: /usr/lib/gcc/x86_64-linux-gnu/4.8
configure:2960: checking location of stdarg.h
configure:2980: result: /usr/lib/gcc/x86_64-linux-gnu/4.8/include
configure:2987: checking kernel build directory
configure:3029: result: $(top_builddir)
configure:3239: creating ./config.status

## ---------------------- ##
## Running config.status. ##
## ---------------------- ##

This file was extended by Pistachio config.status 0.4, which was
generated by GNU Autoconf 2.69.  Invocation command line was

  CONFIG_FILES    = 
  CONFIG_HEADERS  = 
  CONFIG_LINKS    = 
  CONFIG_COMMANDS = 
  $ ./config.status 

on tyson-Lenovo-G505

config.status:820: creating config.mk
config.status:820: creating Makefile
config.status:820: creating lib/Makefile
config.status:820: creating lib/l4/Makefile
config.status:820: creating lib/io/Makefile
config.status:820: creating serv/Makefile
config.status:820: creating serv/sigma0/Makefile
config.status:820: creating apps/Makefile
config.status:820: creating apps/syslaunch/Makefile
config.status:820: creating util/Makefile
config.status:820: creating util/kickstart/Makefile
config.status:820: creating util/grubdisk/Makefile
config.status:820: creating util/piggybacker/Makefile
config.status:820: creating util/piggybacker/ofppc/Makefile
config.status:820: creating util/piggybacker/ofppc64/Makefile
config.status:820: creating contrib/Makefile
config.status:820: creating contrib/elf-loader/Makefile
config.status:820: creating config.h
config.status:995: config.h is unchanged

## ---------------- ##
## Cache variables. ##
## ---------------- ##

ac_cv_c_compiler_gnu=yes
ac_cv_env_CC_set=
ac_cv_env_CC_value=
ac_cv_env_CFLAGS_set=
ac_cv_env_CFLAGS_value=
ac_cv_env_CPPFLAGS_set=
ac_cv_env_CPPFLAGS_value=
ac_cv_env_LDFLAGS_set=
ac_cv_env_LDFLAGS_value=
ac_cv_env_LIBS_set=
ac_cv_env_LIBS_value=
ac_cv_env_build_alias_set=
ac_cv_env_build_alias_value=
ac_cv_env_host_alias_set=
ac_cv_env_host_alias_value=
ac_cv_env_target_alias_set=
ac_cv_env_target_alias_value=
ac_cv_objext=o
ac_cv_path_install='/usr/bin/install -c'
ac_cv_prog_AWK=gawk
ac_cv_prog_ac_ct_CC=gcc
ac_cv_prog_cc_c89=
ac_cv_prog_cc_g=yes
ac_cv_prog_make_make_set=yes

## ----------------- ##
## Output variables. ##
## ----------------- ##

ARCH='amd64'
AWK='gawk'
CC='gcc'
CFLAGS='-fno-stack-protector -nostdinc -g -O2 -m64 -mno-red-zone'
CPPFLAGS='-I$(top_srcdir)/include -I$(top_builddir) -I/usr/lib/gcc/x86_64-linux-gnu/4.8/include '
CROSSCC=''
CXXFLAGS='-fno-exceptions '
DEFS='-DHAVE_CONFIG_H'
ECHO_C=''
ECHO_N='-n'
ECHO_T=''
EXEEXT=''
INSTALL_DATA='${INSTALL} -m 644'
INSTALL_PROGRAM='${INSTALL}'
INSTALL_SCRIPT='${INSTALL}'
KERNEL='x86-kernel'
KICKSTART_LINKBASE='00100000'
LDFLAGS='-N -L$(top_builddir)/lib -L/usr/lib/gcc/x86_64-linux-gnu/4.8 -nostdlib  -melf_x86_64'
LIBOBJS=''
LIBS=''
LN_S='ln -s'
LTLIBOBJS=''
OBJEXT='o'
PACKAGE_BUGREPORT=''
PACKAGE_NAME='Pistachio'
PACKAGE_STRING='Pistachio 0.4'
PACKAGE_TARNAME='pistachio'
PACKAGE_URL=''
PACKAGE_VERSION='0.4'
PATH_SEPARATOR=':'
PLAT='amd64-pc99'
ROOTTASK_LINKBASE='01000000'
SET_MAKE=''
SHELL='/bin/bash'
SIGMA0_LINKBASE='00f00000'
TOOLPREFIX=''
ac_ct_CC='gcc'
bindir='${exec_prefix}/bin'
build_alias=''
datadir='${datarootdir}'
datarootdir='${prefix}/share'
docdir='${datarootdir}/doc/${PACKAGE_TARNAME}'
dvidir='${docdir}'
exec_prefix='${prefix}'
host_alias=''
htmldir='${docdir}'
includedir='${prefix}/include'
infodir='${datarootdir}/info'
kerneldir='$(top_builddir)'
libdir='${exec_prefix}/lib/l4'
libexecdir='${exec_prefix}/libexec/l4'
localedir='${datarootdir}/locale'
localstatedir='${prefix}/var'
mandir='${datarootdir}/man'
oldincludedir='/usr/include'
pdfdir='${docdir}'
prefix='/usr/local'
program_transform_name='s,x,x,'
psdir='${docdir}'
sbindir='${exec_prefix}/sbin'
sharedstatedir='${prefix}/com'
sysconfdir='${prefix}/etc'
target_alias=''

## ----------- ##
## confdefs.h. ##
## ----------- ##

/* confdefs.h */
#define PACKAGE_NAME "Pistachio"
#define PACKAGE_TARNAME "pistachio"
#define PACKAGE_VERSION "0.4"
#define PACKAGE_STRING "Pistachio 0.4"
#define PACKAGE_BUGREPORT ""
#define PACKAGE_URL ""
#define CONFIG_COMPORT 0
#define CONFIG_COMSPEED 115200

configure: exit 0
